Determining if the pthread_create exist failed with the following output:
Change Dir: /home/macosma1/catkin_ws/build/realsense2_description/CMakeFiles/CMakeTmp

Run Build Command:"/usr/bin/make" "cmTC_026bb/fast"
/usr/bin/make -f CMakeFiles/cmTC_026bb.dir/build.make CMakeFiles/cmTC_026bb.dir/build
make[1]: se entra en el directorio '/home/macosma1/catkin_ws/build/realsense2_description/CMakeFiles/CMakeTmp'
Building C object CMakeFiles/cmTC_026bb.dir/CheckSymbolExists.c.o
/usr/bin/cc    -o CMakeFiles/cmTC_026bb.dir/CheckSymbolExists.c.o   -c /home/macosma1/catkin_ws/build/realsense2_description/CMakeFiles/CMakeTmp/CheckSymbolExists.c
Linking C executable cmTC_026bb
/usr/bin/cmake -E cmake_link_script CMakeFiles/cmTC_026bb.dir/link.txt --verbose=1
/usr/bin/cc      -rdynamic CMakeFiles/cmTC_026bb.dir/CheckSymbolExists.c.o  -o cmTC_026bb 
CMakeFiles/cmTC_026bb.dir/CheckSymbolExists.c.o: En la función `main':
CheckSymbolExists.c:(.text+0x1b): referencia a `pthread_create' sin definir
collect2: error: ld returned 1 exit status
CMakeFiles/cmTC_026bb.dir/build.make:97: fallo en las instrucciones para el objetivo 'cmTC_026bb'
make[1]: *** [cmTC_026bb] Error 1
make[1]: se sale del directorio '/home/macosma1/catkin_ws/build/realsense2_description/CMakeFiles/CMakeTmp'
Makefile:126: fallo en las instrucciones para el objetivo 'cmTC_026bb/fast'
make: *** [cmTC_026bb/fast] Error 2

File /home/macosma1/catkin_ws/build/realsense2_description/CMakeFiles/CMakeTmp/CheckSymbolExists.c:
/* */
#include <pthread.h>

int main(int argc, char** argv)
{
  (void)argv;
#ifndef pthread_create
  return ((int*)(&pthread_create))[argc];
#else
  (void)argc;
  return 0;
#endif
}

Determining if the function pthread_create exists in the pthreads failed with the following output:
Change Dir: /home/macosma1/catkin_ws/build/realsense2_description/CMakeFiles/CMakeTmp

Run Build Command:"/usr/bin/make" "cmTC_ee0ea/fast"
/usr/bin/make -f CMakeFiles/cmTC_ee0ea.dir/build.make CMakeFiles/cmTC_ee0ea.dir/build
make[1]: se entra en el directorio '/home/macosma1/catkin_ws/build/realsense2_description/CMakeFiles/CMakeTmp'
Building C object CMakeFiles/cmTC_ee0ea.dir/CheckFunctionExists.c.o
/usr/bin/cc   -DCHECK_FUNCTION_EXISTS=pthread_create   -o CMakeFiles/cmTC_ee0ea.dir/CheckFunctionExists.c.o   -c /usr/share/cmake-3.10/Modules/CheckFunctionExists.c
Linking C executable cmTC_ee0ea
/usr/bin/cmake -E cmake_link_script CMakeFiles/cmTC_ee0ea.dir/link.txt --verbose=1
/usr/bin/cc  -DCHECK_FUNCTION_EXISTS=pthread_create    -rdynamic CMakeFiles/cmTC_ee0ea.dir/CheckFunctionExists.c.o  -o cmTC_ee0ea -lpthreads 
/usr/bin/ld: no se puede encontrar -lpthreads
collect2: error: ld returned 1 exit status
CMakeFiles/cmTC_ee0ea.dir/build.make:97: fallo en las instrucciones para el objetivo 'cmTC_ee0ea'
make[1]: *** [cmTC_ee0ea] Error 1
make[1]: se sale del directorio '/home/macosma1/catkin_ws/build/realsense2_description/CMakeFiles/CMakeTmp'
Makefile:126: fallo en las instrucciones para el objetivo 'cmTC_ee0ea/fast'
make: *** [cmTC_ee0ea/fast] Error 2


