Determining if the pthread_create exist failed with the following output:
Change Dir: /home/macosma1/catkin_ws/build/realsense2_camera/CMakeFiles/CMakeTmp

Run Build Command:"/usr/bin/make" "cmTC_1ad5e/fast"
/usr/bin/make -f CMakeFiles/cmTC_1ad5e.dir/build.make CMakeFiles/cmTC_1ad5e.dir/build
make[1]: se entra en el directorio '/home/macosma1/catkin_ws/build/realsense2_camera/CMakeFiles/CMakeTmp'
Building C object CMakeFiles/cmTC_1ad5e.dir/CheckSymbolExists.c.o
/usr/bin/cc    -o CMakeFiles/cmTC_1ad5e.dir/CheckSymbolExists.c.o   -c /home/macosma1/catkin_ws/build/realsense2_camera/CMakeFiles/CMakeTmp/CheckSymbolExists.c
Linking C executable cmTC_1ad5e
/usr/bin/cmake -E cmake_link_script CMakeFiles/cmTC_1ad5e.dir/link.txt --verbose=1
/usr/bin/cc      -rdynamic CMakeFiles/cmTC_1ad5e.dir/CheckSymbolExists.c.o  -o cmTC_1ad5e 
CMakeFiles/cmTC_1ad5e.dir/CheckSymbolExists.c.o: En la función `main':
CheckSymbolExists.c:(.text+0x1b): referencia a `pthread_create' sin definir
collect2: error: ld returned 1 exit status
CMakeFiles/cmTC_1ad5e.dir/build.make:97: fallo en las instrucciones para el objetivo 'cmTC_1ad5e'
make[1]: *** [cmTC_1ad5e] Error 1
make[1]: se sale del directorio '/home/macosma1/catkin_ws/build/realsense2_camera/CMakeFiles/CMakeTmp'
Makefile:126: fallo en las instrucciones para el objetivo 'cmTC_1ad5e/fast'
make: *** [cmTC_1ad5e/fast] Error 2

File /home/macosma1/catkin_ws/build/realsense2_camera/CMakeFiles/CMakeTmp/CheckSymbolExists.c:
/* */
#include <pthread.h>

int main(int argc, char** argv)
{
  (void)argv;
#ifndef pthread_create
  return ((int*)(&pthread_create))[argc];
#else
  (void)argc;
  return 0;
#endif
}

Determining if the function pthread_create exists in the pthreads failed with the following output:
Change Dir: /home/macosma1/catkin_ws/build/realsense2_camera/CMakeFiles/CMakeTmp

Run Build Command:"/usr/bin/make" "cmTC_88905/fast"
/usr/bin/make -f CMakeFiles/cmTC_88905.dir/build.make CMakeFiles/cmTC_88905.dir/build
make[1]: se entra en el directorio '/home/macosma1/catkin_ws/build/realsense2_camera/CMakeFiles/CMakeTmp'
Building C object CMakeFiles/cmTC_88905.dir/CheckFunctionExists.c.o
/usr/bin/cc   -DCHECK_FUNCTION_EXISTS=pthread_create   -o CMakeFiles/cmTC_88905.dir/CheckFunctionExists.c.o   -c /usr/share/cmake-3.10/Modules/CheckFunctionExists.c
Linking C executable cmTC_88905
/usr/bin/cmake -E cmake_link_script CMakeFiles/cmTC_88905.dir/link.txt --verbose=1
/usr/bin/cc  -DCHECK_FUNCTION_EXISTS=pthread_create    -rdynamic CMakeFiles/cmTC_88905.dir/CheckFunctionExists.c.o  -o cmTC_88905 -lpthreads 
/usr/bin/ld: no se puede encontrar -lpthreads
collect2: error: ld returned 1 exit status
CMakeFiles/cmTC_88905.dir/build.make:97: fallo en las instrucciones para el objetivo 'cmTC_88905'
make[1]: *** [cmTC_88905] Error 1
make[1]: se sale del directorio '/home/macosma1/catkin_ws/build/realsense2_camera/CMakeFiles/CMakeTmp'
Makefile:126: fallo en las instrucciones para el objetivo 'cmTC_88905/fast'
make: *** [cmTC_88905/fast] Error 2


