Determining if the pthread_create exist failed with the following output:
Change Dir: /home/macosma1/catkin_ws/build/realsense_gazebo_plugin/CMakeFiles/CMakeTmp

Run Build Command:"/usr/bin/make" "cmTC_c8e7d/fast"
/usr/bin/make -f CMakeFiles/cmTC_c8e7d.dir/build.make CMakeFiles/cmTC_c8e7d.dir/build
make[1]: se entra en el directorio '/home/macosma1/catkin_ws/build/realsense_gazebo_plugin/CMakeFiles/CMakeTmp'
Building C object CMakeFiles/cmTC_c8e7d.dir/CheckSymbolExists.c.o
/usr/bin/cc    -o CMakeFiles/cmTC_c8e7d.dir/CheckSymbolExists.c.o   -c /home/macosma1/catkin_ws/build/realsense_gazebo_plugin/CMakeFiles/CMakeTmp/CheckSymbolExists.c
Linking C executable cmTC_c8e7d
/usr/bin/cmake -E cmake_link_script CMakeFiles/cmTC_c8e7d.dir/link.txt --verbose=1
/usr/bin/cc      -rdynamic CMakeFiles/cmTC_c8e7d.dir/CheckSymbolExists.c.o  -o cmTC_c8e7d 
CMakeFiles/cmTC_c8e7d.dir/CheckSymbolExists.c.o: En la función `main':
CheckSymbolExists.c:(.text+0x1b): referencia a `pthread_create' sin definir
collect2: error: ld returned 1 exit status
CMakeFiles/cmTC_c8e7d.dir/build.make:97: fallo en las instrucciones para el objetivo 'cmTC_c8e7d'
make[1]: *** [cmTC_c8e7d] Error 1
make[1]: se sale del directorio '/home/macosma1/catkin_ws/build/realsense_gazebo_plugin/CMakeFiles/CMakeTmp'
Makefile:126: fallo en las instrucciones para el objetivo 'cmTC_c8e7d/fast'
make: *** [cmTC_c8e7d/fast] Error 2

File /home/macosma1/catkin_ws/build/realsense_gazebo_plugin/CMakeFiles/CMakeTmp/CheckSymbolExists.c:
/* */
#include <pthread.h>

int main(int argc, char** argv)
{
  (void)argv;
#ifndef pthread_create
  return ((int*)(&pthread_create))[argc];
#else
  (void)argc;
  return 0;
#endif
}

Determining if the function pthread_create exists in the pthreads failed with the following output:
Change Dir: /home/macosma1/catkin_ws/build/realsense_gazebo_plugin/CMakeFiles/CMakeTmp

Run Build Command:"/usr/bin/make" "cmTC_df0d2/fast"
/usr/bin/make -f CMakeFiles/cmTC_df0d2.dir/build.make CMakeFiles/cmTC_df0d2.dir/build
make[1]: se entra en el directorio '/home/macosma1/catkin_ws/build/realsense_gazebo_plugin/CMakeFiles/CMakeTmp'
Building C object CMakeFiles/cmTC_df0d2.dir/CheckFunctionExists.c.o
/usr/bin/cc   -DCHECK_FUNCTION_EXISTS=pthread_create   -o CMakeFiles/cmTC_df0d2.dir/CheckFunctionExists.c.o   -c /usr/share/cmake-3.10/Modules/CheckFunctionExists.c
Linking C executable cmTC_df0d2
/usr/bin/cmake -E cmake_link_script CMakeFiles/cmTC_df0d2.dir/link.txt --verbose=1
/usr/bin/cc  -DCHECK_FUNCTION_EXISTS=pthread_create    -rdynamic CMakeFiles/cmTC_df0d2.dir/CheckFunctionExists.c.o  -o cmTC_df0d2 -lpthreads 
/usr/bin/ld: no se puede encontrar -lpthreads
collect2: error: ld returned 1 exit status
CMakeFiles/cmTC_df0d2.dir/build.make:97: fallo en las instrucciones para el objetivo 'cmTC_df0d2'
make[1]: *** [cmTC_df0d2] Error 1
make[1]: se sale del directorio '/home/macosma1/catkin_ws/build/realsense_gazebo_plugin/CMakeFiles/CMakeTmp'
Makefile:126: fallo en las instrucciones para el objetivo 'cmTC_df0d2/fast'
make: *** [cmTC_df0d2/fast] Error 2


