Determining if the pthread_create exist failed with the following output:
Change Dir: /home/macosma1/catkin_ws/build/turtlebot3_teleop/CMakeFiles/CMakeTmp

Run Build Command:"/usr/bin/make" "cmTC_e681a/fast"
/usr/bin/make -f CMakeFiles/cmTC_e681a.dir/build.make CMakeFiles/cmTC_e681a.dir/build
make[1]: se entra en el directorio '/home/macosma1/catkin_ws/build/turtlebot3_teleop/CMakeFiles/CMakeTmp'
Building C object CMakeFiles/cmTC_e681a.dir/CheckSymbolExists.c.o
/usr/bin/cc    -o CMakeFiles/cmTC_e681a.dir/CheckSymbolExists.c.o   -c /home/macosma1/catkin_ws/build/turtlebot3_teleop/CMakeFiles/CMakeTmp/CheckSymbolExists.c
Linking C executable cmTC_e681a
/usr/bin/cmake -E cmake_link_script CMakeFiles/cmTC_e681a.dir/link.txt --verbose=1
/usr/bin/cc      -rdynamic CMakeFiles/cmTC_e681a.dir/CheckSymbolExists.c.o  -o cmTC_e681a 
CMakeFiles/cmTC_e681a.dir/CheckSymbolExists.c.o: En la función `main':
CheckSymbolExists.c:(.text+0x1b): referencia a `pthread_create' sin definir
collect2: error: ld returned 1 exit status
CMakeFiles/cmTC_e681a.dir/build.make:97: fallo en las instrucciones para el objetivo 'cmTC_e681a'
make[1]: *** [cmTC_e681a] Error 1
make[1]: se sale del directorio '/home/macosma1/catkin_ws/build/turtlebot3_teleop/CMakeFiles/CMakeTmp'
Makefile:126: fallo en las instrucciones para el objetivo 'cmTC_e681a/fast'
make: *** [cmTC_e681a/fast] Error 2

File /home/macosma1/catkin_ws/build/turtlebot3_teleop/CMakeFiles/CMakeTmp/CheckSymbolExists.c:
/* */
#include <pthread.h>

int main(int argc, char** argv)
{
  (void)argv;
#ifndef pthread_create
  return ((int*)(&pthread_create))[argc];
#else
  (void)argc;
  return 0;
#endif
}

Determining if the function pthread_create exists in the pthreads failed with the following output:
Change Dir: /home/macosma1/catkin_ws/build/turtlebot3_teleop/CMakeFiles/CMakeTmp

Run Build Command:"/usr/bin/make" "cmTC_8c8cc/fast"
/usr/bin/make -f CMakeFiles/cmTC_8c8cc.dir/build.make CMakeFiles/cmTC_8c8cc.dir/build
make[1]: se entra en el directorio '/home/macosma1/catkin_ws/build/turtlebot3_teleop/CMakeFiles/CMakeTmp'
Building C object CMakeFiles/cmTC_8c8cc.dir/CheckFunctionExists.c.o
/usr/bin/cc   -DCHECK_FUNCTION_EXISTS=pthread_create   -o CMakeFiles/cmTC_8c8cc.dir/CheckFunctionExists.c.o   -c /usr/share/cmake-3.10/Modules/CheckFunctionExists.c
Linking C executable cmTC_8c8cc
/usr/bin/cmake -E cmake_link_script CMakeFiles/cmTC_8c8cc.dir/link.txt --verbose=1
/usr/bin/cc  -DCHECK_FUNCTION_EXISTS=pthread_create    -rdynamic CMakeFiles/cmTC_8c8cc.dir/CheckFunctionExists.c.o  -o cmTC_8c8cc -lpthreads 
/usr/bin/ld: no se puede encontrar -lpthreads
collect2: error: ld returned 1 exit status
CMakeFiles/cmTC_8c8cc.dir/build.make:97: fallo en las instrucciones para el objetivo 'cmTC_8c8cc'
make[1]: *** [cmTC_8c8cc] Error 1
make[1]: se sale del directorio '/home/macosma1/catkin_ws/build/turtlebot3_teleop/CMakeFiles/CMakeTmp'
Makefile:126: fallo en las instrucciones para el objetivo 'cmTC_8c8cc/fast'
make: *** [cmTC_8c8cc/fast] Error 2


