Determining if the pthread_create exist failed with the following output:
Change Dir: /home/macosma1/catkin_ws/build/turtlebot3_msgs/CMakeFiles/CMakeTmp

Run Build Command:"/usr/bin/make" "cmTC_3e75f/fast"
/usr/bin/make -f CMakeFiles/cmTC_3e75f.dir/build.make CMakeFiles/cmTC_3e75f.dir/build
make[1]: se entra en el directorio '/home/macosma1/catkin_ws/build/turtlebot3_msgs/CMakeFiles/CMakeTmp'
Building C object CMakeFiles/cmTC_3e75f.dir/CheckSymbolExists.c.o
/usr/bin/cc    -o CMakeFiles/cmTC_3e75f.dir/CheckSymbolExists.c.o   -c /home/macosma1/catkin_ws/build/turtlebot3_msgs/CMakeFiles/CMakeTmp/CheckSymbolExists.c
Linking C executable cmTC_3e75f
/usr/bin/cmake -E cmake_link_script CMakeFiles/cmTC_3e75f.dir/link.txt --verbose=1
/usr/bin/cc      -rdynamic CMakeFiles/cmTC_3e75f.dir/CheckSymbolExists.c.o  -o cmTC_3e75f 
CMakeFiles/cmTC_3e75f.dir/CheckSymbolExists.c.o: En la función `main':
CheckSymbolExists.c:(.text+0x1b): referencia a `pthread_create' sin definir
collect2: error: ld returned 1 exit status
CMakeFiles/cmTC_3e75f.dir/build.make:97: fallo en las instrucciones para el objetivo 'cmTC_3e75f'
make[1]: *** [cmTC_3e75f] Error 1
make[1]: se sale del directorio '/home/macosma1/catkin_ws/build/turtlebot3_msgs/CMakeFiles/CMakeTmp'
Makefile:126: fallo en las instrucciones para el objetivo 'cmTC_3e75f/fast'
make: *** [cmTC_3e75f/fast] Error 2

File /home/macosma1/catkin_ws/build/turtlebot3_msgs/CMakeFiles/CMakeTmp/CheckSymbolExists.c:
/* */
#include <pthread.h>

int main(int argc, char** argv)
{
  (void)argv;
#ifndef pthread_create
  return ((int*)(&pthread_create))[argc];
#else
  (void)argc;
  return 0;
#endif
}

Determining if the function pthread_create exists in the pthreads failed with the following output:
Change Dir: /home/macosma1/catkin_ws/build/turtlebot3_msgs/CMakeFiles/CMakeTmp

Run Build Command:"/usr/bin/make" "cmTC_38aa4/fast"
/usr/bin/make -f CMakeFiles/cmTC_38aa4.dir/build.make CMakeFiles/cmTC_38aa4.dir/build
make[1]: se entra en el directorio '/home/macosma1/catkin_ws/build/turtlebot3_msgs/CMakeFiles/CMakeTmp'
Building C object CMakeFiles/cmTC_38aa4.dir/CheckFunctionExists.c.o
/usr/bin/cc   -DCHECK_FUNCTION_EXISTS=pthread_create   -o CMakeFiles/cmTC_38aa4.dir/CheckFunctionExists.c.o   -c /usr/share/cmake-3.10/Modules/CheckFunctionExists.c
Linking C executable cmTC_38aa4
/usr/bin/cmake -E cmake_link_script CMakeFiles/cmTC_38aa4.dir/link.txt --verbose=1
/usr/bin/cc  -DCHECK_FUNCTION_EXISTS=pthread_create    -rdynamic CMakeFiles/cmTC_38aa4.dir/CheckFunctionExists.c.o  -o cmTC_38aa4 -lpthreads 
/usr/bin/ld: no se puede encontrar -lpthreads
collect2: error: ld returned 1 exit status
CMakeFiles/cmTC_38aa4.dir/build.make:97: fallo en las instrucciones para el objetivo 'cmTC_38aa4'
make[1]: *** [cmTC_38aa4] Error 1
make[1]: se sale del directorio '/home/macosma1/catkin_ws/build/turtlebot3_msgs/CMakeFiles/CMakeTmp'
Makefile:126: fallo en las instrucciones para el objetivo 'cmTC_38aa4/fast'
make: *** [cmTC_38aa4/fast] Error 2


