Determining if the pthread_create exist failed with the following output:
Change Dir: /home/macosma1/catkin_ws/build/turtlebot3_slam/CMakeFiles/CMakeTmp

Run Build Command:"/usr/bin/make" "cmTC_4a47b/fast"
/usr/bin/make -f CMakeFiles/cmTC_4a47b.dir/build.make CMakeFiles/cmTC_4a47b.dir/build
make[1]: se entra en el directorio '/home/macosma1/catkin_ws/build/turtlebot3_slam/CMakeFiles/CMakeTmp'
Building C object CMakeFiles/cmTC_4a47b.dir/CheckSymbolExists.c.o
/usr/bin/cc    -o CMakeFiles/cmTC_4a47b.dir/CheckSymbolExists.c.o   -c /home/macosma1/catkin_ws/build/turtlebot3_slam/CMakeFiles/CMakeTmp/CheckSymbolExists.c
Linking C executable cmTC_4a47b
/usr/bin/cmake -E cmake_link_script CMakeFiles/cmTC_4a47b.dir/link.txt --verbose=1
/usr/bin/cc      -rdynamic CMakeFiles/cmTC_4a47b.dir/CheckSymbolExists.c.o  -o cmTC_4a47b 
CMakeFiles/cmTC_4a47b.dir/CheckSymbolExists.c.o: En la función `main':
CheckSymbolExists.c:(.text+0x1b): referencia a `pthread_create' sin definir
collect2: error: ld returned 1 exit status
CMakeFiles/cmTC_4a47b.dir/build.make:97: fallo en las instrucciones para el objetivo 'cmTC_4a47b'
make[1]: *** [cmTC_4a47b] Error 1
make[1]: se sale del directorio '/home/macosma1/catkin_ws/build/turtlebot3_slam/CMakeFiles/CMakeTmp'
Makefile:126: fallo en las instrucciones para el objetivo 'cmTC_4a47b/fast'
make: *** [cmTC_4a47b/fast] Error 2

File /home/macosma1/catkin_ws/build/turtlebot3_slam/CMakeFiles/CMakeTmp/CheckSymbolExists.c:
/* */
#include <pthread.h>

int main(int argc, char** argv)
{
  (void)argv;
#ifndef pthread_create
  return ((int*)(&pthread_create))[argc];
#else
  (void)argc;
  return 0;
#endif
}

Determining if the function pthread_create exists in the pthreads failed with the following output:
Change Dir: /home/macosma1/catkin_ws/build/turtlebot3_slam/CMakeFiles/CMakeTmp

Run Build Command:"/usr/bin/make" "cmTC_ef3ca/fast"
/usr/bin/make -f CMakeFiles/cmTC_ef3ca.dir/build.make CMakeFiles/cmTC_ef3ca.dir/build
make[1]: se entra en el directorio '/home/macosma1/catkin_ws/build/turtlebot3_slam/CMakeFiles/CMakeTmp'
Building C object CMakeFiles/cmTC_ef3ca.dir/CheckFunctionExists.c.o
/usr/bin/cc   -DCHECK_FUNCTION_EXISTS=pthread_create   -o CMakeFiles/cmTC_ef3ca.dir/CheckFunctionExists.c.o   -c /usr/share/cmake-3.10/Modules/CheckFunctionExists.c
Linking C executable cmTC_ef3ca
/usr/bin/cmake -E cmake_link_script CMakeFiles/cmTC_ef3ca.dir/link.txt --verbose=1
/usr/bin/cc  -DCHECK_FUNCTION_EXISTS=pthread_create    -rdynamic CMakeFiles/cmTC_ef3ca.dir/CheckFunctionExists.c.o  -o cmTC_ef3ca -lpthreads 
/usr/bin/ld: no se puede encontrar -lpthreads
collect2: error: ld returned 1 exit status
CMakeFiles/cmTC_ef3ca.dir/build.make:97: fallo en las instrucciones para el objetivo 'cmTC_ef3ca'
make[1]: *** [cmTC_ef3ca] Error 1
make[1]: se sale del directorio '/home/macosma1/catkin_ws/build/turtlebot3_slam/CMakeFiles/CMakeTmp'
Makefile:126: fallo en las instrucciones para el objetivo 'cmTC_ef3ca/fast'
make: *** [cmTC_ef3ca/fast] Error 2


