Determining if the pthread_create exist failed with the following output:
Change Dir: /home/macosma1/catkin_ws/build/turtlebot3_gazebo/CMakeFiles/CMakeTmp

Run Build Command:"/usr/bin/make" "cmTC_0cafd/fast"
/usr/bin/make -f CMakeFiles/cmTC_0cafd.dir/build.make CMakeFiles/cmTC_0cafd.dir/build
make[1]: se entra en el directorio '/home/macosma1/catkin_ws/build/turtlebot3_gazebo/CMakeFiles/CMakeTmp'
Building C object CMakeFiles/cmTC_0cafd.dir/CheckSymbolExists.c.o
/usr/bin/cc    -o CMakeFiles/cmTC_0cafd.dir/CheckSymbolExists.c.o   -c /home/macosma1/catkin_ws/build/turtlebot3_gazebo/CMakeFiles/CMakeTmp/CheckSymbolExists.c
Linking C executable cmTC_0cafd
/usr/bin/cmake -E cmake_link_script CMakeFiles/cmTC_0cafd.dir/link.txt --verbose=1
/usr/bin/cc      -rdynamic CMakeFiles/cmTC_0cafd.dir/CheckSymbolExists.c.o  -o cmTC_0cafd 
CMakeFiles/cmTC_0cafd.dir/CheckSymbolExists.c.o: En la función `main':
CheckSymbolExists.c:(.text+0x1b): referencia a `pthread_create' sin definir
collect2: error: ld returned 1 exit status
CMakeFiles/cmTC_0cafd.dir/build.make:97: fallo en las instrucciones para el objetivo 'cmTC_0cafd'
make[1]: *** [cmTC_0cafd] Error 1
make[1]: se sale del directorio '/home/macosma1/catkin_ws/build/turtlebot3_gazebo/CMakeFiles/CMakeTmp'
Makefile:126: fallo en las instrucciones para el objetivo 'cmTC_0cafd/fast'
make: *** [cmTC_0cafd/fast] Error 2

File /home/macosma1/catkin_ws/build/turtlebot3_gazebo/CMakeFiles/CMakeTmp/CheckSymbolExists.c:
/* */
#include <pthread.h>

int main(int argc, char** argv)
{
  (void)argv;
#ifndef pthread_create
  return ((int*)(&pthread_create))[argc];
#else
  (void)argc;
  return 0;
#endif
}

Determining if the function pthread_create exists in the pthreads failed with the following output:
Change Dir: /home/macosma1/catkin_ws/build/turtlebot3_gazebo/CMakeFiles/CMakeTmp

Run Build Command:"/usr/bin/make" "cmTC_1c48f/fast"
/usr/bin/make -f CMakeFiles/cmTC_1c48f.dir/build.make CMakeFiles/cmTC_1c48f.dir/build
make[1]: se entra en el directorio '/home/macosma1/catkin_ws/build/turtlebot3_gazebo/CMakeFiles/CMakeTmp'
Building C object CMakeFiles/cmTC_1c48f.dir/CheckFunctionExists.c.o
/usr/bin/cc   -DCHECK_FUNCTION_EXISTS=pthread_create   -o CMakeFiles/cmTC_1c48f.dir/CheckFunctionExists.c.o   -c /usr/share/cmake-3.10/Modules/CheckFunctionExists.c
Linking C executable cmTC_1c48f
/usr/bin/cmake -E cmake_link_script CMakeFiles/cmTC_1c48f.dir/link.txt --verbose=1
/usr/bin/cc  -DCHECK_FUNCTION_EXISTS=pthread_create    -rdynamic CMakeFiles/cmTC_1c48f.dir/CheckFunctionExists.c.o  -o cmTC_1c48f -lpthreads 
/usr/bin/ld: no se puede encontrar -lpthreads
collect2: error: ld returned 1 exit status
CMakeFiles/cmTC_1c48f.dir/build.make:97: fallo en las instrucciones para el objetivo 'cmTC_1c48f'
make[1]: *** [cmTC_1c48f] Error 1
make[1]: se sale del directorio '/home/macosma1/catkin_ws/build/turtlebot3_gazebo/CMakeFiles/CMakeTmp'
Makefile:126: fallo en las instrucciones para el objetivo 'cmTC_1c48f/fast'
make: *** [cmTC_1c48f/fast] Error 2


