Determining if the pthread_create exist failed with the following output:
Change Dir: /home/macosma1/catkin_ws/build/pc2l/CMakeFiles/CMakeTmp

Run Build Command:"/usr/bin/make" "cmTC_a18e1/fast"
/usr/bin/make -f CMakeFiles/cmTC_a18e1.dir/build.make CMakeFiles/cmTC_a18e1.dir/build
make[1]: se entra en el directorio '/home/macosma1/catkin_ws/build/pc2l/CMakeFiles/CMakeTmp'
Building C object CMakeFiles/cmTC_a18e1.dir/CheckSymbolExists.c.o
/usr/bin/cc    -o CMakeFiles/cmTC_a18e1.dir/CheckSymbolExists.c.o   -c /home/macosma1/catkin_ws/build/pc2l/CMakeFiles/CMakeTmp/CheckSymbolExists.c
Linking C executable cmTC_a18e1
/usr/bin/cmake -E cmake_link_script CMakeFiles/cmTC_a18e1.dir/link.txt --verbose=1
/usr/bin/cc      -rdynamic CMakeFiles/cmTC_a18e1.dir/CheckSymbolExists.c.o  -o cmTC_a18e1 
CMakeFiles/cmTC_a18e1.dir/CheckSymbolExists.c.o: En la función `main':
CheckSymbolExists.c:(.text+0x1b): referencia a `pthread_create' sin definir
collect2: error: ld returned 1 exit status
CMakeFiles/cmTC_a18e1.dir/build.make:97: fallo en las instrucciones para el objetivo 'cmTC_a18e1'
make[1]: *** [cmTC_a18e1] Error 1
make[1]: se sale del directorio '/home/macosma1/catkin_ws/build/pc2l/CMakeFiles/CMakeTmp'
Makefile:126: fallo en las instrucciones para el objetivo 'cmTC_a18e1/fast'
make: *** [cmTC_a18e1/fast] Error 2

File /home/macosma1/catkin_ws/build/pc2l/CMakeFiles/CMakeTmp/CheckSymbolExists.c:
/* */
#include <pthread.h>

int main(int argc, char** argv)
{
  (void)argv;
#ifndef pthread_create
  return ((int*)(&pthread_create))[argc];
#else
  (void)argc;
  return 0;
#endif
}

Determining if the function pthread_create exists in the pthreads failed with the following output:
Change Dir: /home/macosma1/catkin_ws/build/pc2l/CMakeFiles/CMakeTmp

Run Build Command:"/usr/bin/make" "cmTC_d6c3b/fast"
/usr/bin/make -f CMakeFiles/cmTC_d6c3b.dir/build.make CMakeFiles/cmTC_d6c3b.dir/build
make[1]: se entra en el directorio '/home/macosma1/catkin_ws/build/pc2l/CMakeFiles/CMakeTmp'
Building C object CMakeFiles/cmTC_d6c3b.dir/CheckFunctionExists.c.o
/usr/bin/cc   -DCHECK_FUNCTION_EXISTS=pthread_create   -o CMakeFiles/cmTC_d6c3b.dir/CheckFunctionExists.c.o   -c /usr/share/cmake-3.10/Modules/CheckFunctionExists.c
Linking C executable cmTC_d6c3b
/usr/bin/cmake -E cmake_link_script CMakeFiles/cmTC_d6c3b.dir/link.txt --verbose=1
/usr/bin/cc  -DCHECK_FUNCTION_EXISTS=pthread_create    -rdynamic CMakeFiles/cmTC_d6c3b.dir/CheckFunctionExists.c.o  -o cmTC_d6c3b -lpthreads 
/usr/bin/ld: no se puede encontrar -lpthreads
collect2: error: ld returned 1 exit status
CMakeFiles/cmTC_d6c3b.dir/build.make:97: fallo en las instrucciones para el objetivo 'cmTC_d6c3b'
make[1]: *** [cmTC_d6c3b] Error 1
make[1]: se sale del directorio '/home/macosma1/catkin_ws/build/pc2l/CMakeFiles/CMakeTmp'
Makefile:126: fallo en las instrucciones para el objetivo 'cmTC_d6c3b/fast'
make: *** [cmTC_d6c3b/fast] Error 2


