Determining if the pthread_create exist failed with the following output:
Change Dir: /home/macosma1/catkin_ws/build/realsense_gazebo_plugin/CMakeFiles/CMakeTmp

Run Build Command:"/usr/bin/make" "cmTC_fa793/fast"
/usr/bin/make -f CMakeFiles/cmTC_fa793.dir/build.make CMakeFiles/cmTC_fa793.dir/build
make[1]: se entra en el directorio '/home/macosma1/catkin_ws/build/realsense_gazebo_plugin/CMakeFiles/CMakeTmp'
Building C object CMakeFiles/cmTC_fa793.dir/CheckSymbolExists.c.o
/usr/bin/cc    -o CMakeFiles/cmTC_fa793.dir/CheckSymbolExists.c.o   -c /home/macosma1/catkin_ws/build/realsense_gazebo_plugin/CMakeFiles/CMakeTmp/CheckSymbolExists.c
Linking C executable cmTC_fa793
/usr/bin/cmake -E cmake_link_script CMakeFiles/cmTC_fa793.dir/link.txt --verbose=1
/usr/bin/cc      -rdynamic CMakeFiles/cmTC_fa793.dir/CheckSymbolExists.c.o  -o cmTC_fa793 
CMakeFiles/cmTC_fa793.dir/CheckSymbolExists.c.o: En la función `main':
CheckSymbolExists.c:(.text+0x1b): referencia a `pthread_create' sin definir
collect2: error: ld returned 1 exit status
CMakeFiles/cmTC_fa793.dir/build.make:97: fallo en las instrucciones para el objetivo 'cmTC_fa793'
make[1]: *** [cmTC_fa793] Error 1
make[1]: se sale del directorio '/home/macosma1/catkin_ws/build/realsense_gazebo_plugin/CMakeFiles/CMakeTmp'
Makefile:126: fallo en las instrucciones para el objetivo 'cmTC_fa793/fast'
make: *** [cmTC_fa793/fast] Error 2

File /home/macosma1/catkin_ws/build/realsense_gazebo_plugin/CMakeFiles/CMakeTmp/CheckSymbolExists.c:
/* */
#include <pthread.h>

int main(int argc, char** argv)
{
  (void)argv;
#ifndef pthread_create
  return ((int*)(&pthread_create))[argc];
#else
  (void)argc;
  return 0;
#endif
}

Determining if the function pthread_create exists in the pthreads failed with the following output:
Change Dir: /home/macosma1/catkin_ws/build/realsense_gazebo_plugin/CMakeFiles/CMakeTmp

Run Build Command:"/usr/bin/make" "cmTC_990e8/fast"
/usr/bin/make -f CMakeFiles/cmTC_990e8.dir/build.make CMakeFiles/cmTC_990e8.dir/build
make[1]: se entra en el directorio '/home/macosma1/catkin_ws/build/realsense_gazebo_plugin/CMakeFiles/CMakeTmp'
Building C object CMakeFiles/cmTC_990e8.dir/CheckFunctionExists.c.o
/usr/bin/cc   -DCHECK_FUNCTION_EXISTS=pthread_create   -o CMakeFiles/cmTC_990e8.dir/CheckFunctionExists.c.o   -c /usr/share/cmake-3.10/Modules/CheckFunctionExists.c
Linking C executable cmTC_990e8
/usr/bin/cmake -E cmake_link_script CMakeFiles/cmTC_990e8.dir/link.txt --verbose=1
/usr/bin/cc  -DCHECK_FUNCTION_EXISTS=pthread_create    -rdynamic CMakeFiles/cmTC_990e8.dir/CheckFunctionExists.c.o  -o cmTC_990e8 -lpthreads 
/usr/bin/ld: no se puede encontrar -lpthreads
collect2: error: ld returned 1 exit status
CMakeFiles/cmTC_990e8.dir/build.make:97: fallo en las instrucciones para el objetivo 'cmTC_990e8'
make[1]: *** [cmTC_990e8] Error 1
make[1]: se sale del directorio '/home/macosma1/catkin_ws/build/realsense_gazebo_plugin/CMakeFiles/CMakeTmp'
Makefile:126: fallo en las instrucciones para el objetivo 'cmTC_990e8/fast'
make: *** [cmTC_990e8/fast] Error 2


